<?xml version="1.0" encoding="UTF-8"?>
<!-- Generated by org.testng.reporters.JUnitXMLReporter -->
<testsuite ignored="1" hostname="DESKTOP-J646L89" failures="0" tests="1" name="OpenCart=sute1" time="57.967" errors="0" timestamp="2023-03-11T23:07:36 IST">
  <testcase classname="TestCase.TC_002_LogInPage" name="LogIn_Test" time="10.481"/>
  <testcase classname="TestCase.TC_001_AccountRegistration" name="Home_Page_Test" time="0.0">
    <ignored/>
  </testcase> <!-- Home_Page_Test -->
</testsuite> <!-- OpenCart=sute1 -->
