<?xml version="1.0" encoding="UTF-8"?>
<!-- Generated by org.testng.reporters.JUnitXMLReporter -->
<testsuite ignored="1" hostname="DESKTOP-J646L89" failures="3" tests="3" name="OpenCart=sute" time="0.214" errors="0" timestamp="2023-03-14T16:26:01 IST">
  <testcase classname="TestCase.TC_001_AccountRegistration" name="Home_Page_Test" time="0.085">
    <failure type="java.lang.NullPointerException" message="Cannot invoke &amp;quot;org.openqa.selenium.SearchContext.findElement(org.openqa.selenium.By)&amp;quot; because &amp;quot;this.searchContext&amp;quot; is null">
      <![CDATA[java.lang.NullPointerException: Cannot invoke "org.openqa.selenium.SearchContext.findElement(org.openqa.selenium.By)" because "this.searchContext" is null
at org.openqa.selenium.support.pagefactory.DefaultElementLocator.findElement(DefaultElementLocator.java:70)
at org.openqa.selenium.support.pagefactory.internal.LocatingElementHandler.invoke(LocatingElementHandler.java:39)
at jdk.proxy2/jdk.proxy2.$Proxy12.click(Unknown Source)
at PageObjects.HomePage.Click_MyAccount(HomePage.java:38)
at TestCase.TC_001_AccountRegistration.Home_Page_Test(TC_001_AccountRegistration.java:24)
at java.base/java.util.ArrayList.forEach(ArrayList.java:1511)
... Removed 25 stack frames]]>
    </failure>
  </testcase> <!-- Home_Page_Test -->
  <testcase classname="TestCase.TC_004_ProductItemSearch_page" name="Test_ProductItemSearch_page" time="0.004">
    <failure type="java.lang.NullPointerException" message="Cannot invoke &amp;quot;org.openqa.selenium.SearchContext.findElement(org.openqa.selenium.By)&amp;quot; because &amp;quot;this.searchContext&amp;quot; is null">
      <![CDATA[java.lang.NullPointerException: Cannot invoke "org.openqa.selenium.SearchContext.findElement(org.openqa.selenium.By)" because "this.searchContext" is null
at org.openqa.selenium.support.pagefactory.DefaultElementLocator.findElement(DefaultElementLocator.java:70)
at org.openqa.selenium.support.pagefactory.internal.LocatingElementHandler.invoke(LocatingElementHandler.java:39)
at jdk.proxy2/jdk.proxy2.$Proxy12.click(Unknown Source)
at PageObjects.HomePage.Click_MyAccount(HomePage.java:38)
at TestCase.TC_002_LogInPage.LogIn_Test(TC_002_LogInPage.java:25)
at TestCase.TC_004_ProductItemSearch_page.Test_ProductItemSearch_page(TC_004_ProductItemSearch_page.java:29)
at java.base/java.util.ArrayList.forEach(ArrayList.java:1511)
... Removed 25 stack frames]]>
    </failure>
  </testcase> <!-- Test_ProductItemSearch_page -->
  <testcase classname="TestCase.TC_005_My_WistList" name="Test_MyWishList" time="0.003">
    <failure type="java.lang.NullPointerException" message="Cannot invoke &amp;quot;org.openqa.selenium.SearchContext.findElement(org.openqa.selenium.By)&amp;quot; because &amp;quot;this.searchContext&amp;quot; is null">
      <![CDATA[java.lang.NullPointerException: Cannot invoke "org.openqa.selenium.SearchContext.findElement(org.openqa.selenium.By)" because "this.searchContext" is null
at org.openqa.selenium.support.pagefactory.DefaultElementLocator.findElement(DefaultElementLocator.java:70)
at org.openqa.selenium.support.pagefactory.internal.LocatingElementHandler.invoke(LocatingElementHandler.java:39)
at jdk.proxy2/jdk.proxy2.$Proxy12.click(Unknown Source)
at PageObjects.HomePage.Click_MyAccount(HomePage.java:38)
at TestCase.TC_002_LogInPage.LogIn_Test(TC_002_LogInPage.java:25)
at TestCase.TC_004_ProductItemSearch_page.Test_ProductItemSearch_page(TC_004_ProductItemSearch_page.java:29)
at TestCase.TC_005_My_WistList.Test_MyWishList(TC_005_My_WistList.java:28)
at java.base/java.util.ArrayList.forEach(ArrayList.java:1511)
... Removed 25 stack frames]]>
    </failure>
  </testcase> <!-- Test_MyWishList -->
  <testcase classname="TestCase.TC_002_LogInPage" name="LogIn_Test" time="0.0">
    <ignored/>
  </testcase> <!-- LogIn_Test -->
</testsuite> <!-- OpenCart=sute -->
