<?xml version="1.0" encoding="UTF-8"?>
<!-- Generated by org.testng.reporters.JUnitXMLReporter -->
<testsuite ignored="0" hostname="DESKTOP-J646L89" failures="1" tests="1" name="EdgeTest" time="68.486" errors="0" timestamp="2023-02-25T17:58:44 IST">
  <testcase classname="TestCase.TC_001_AccountRegistration" name="Home_Page_Test" time="17.093">
    <failure type="java.lang.AssertionError" message="null">
      <![CDATA[java.lang.AssertionError: null
at TestCase.TC_001_AccountRegistration.Home_Page_Test(TC_001_AccountRegistration.java:50)
at java.base/java.util.ArrayList.forEach(ArrayList.java:1511)
at java.base/java.util.concurrent.FutureTask.run(FutureTask.java:317)
at java.base/java.util.concurrent.ThreadPoolExecutor.runWorker(ThreadPoolExecutor.java:1144)
at java.base/java.util.concurrent.ThreadPoolExecutor$Worker.run(ThreadPoolExecutor.java:642)
at java.base/java.lang.Thread.run(Thread.java:1589)
... Removed 17 stack frames]]>
    </failure>
  </testcase> <!-- Home_Page_Test -->
</testsuite> <!-- EdgeTest -->
